Build started 2/9/2015 9:25:28 AM.
     1>Project "H:\My Documents\Visual Studio 2010\Projects\QuadraticFormuler\QuadraticFormuler\QuadraticFormuler.vcxproj" on node 2 (build target(s)).
     1>InitializeBuildStatus:
         Creating "Debug\QuadraticFormula.unsuccessfulbuild" because "AlwaysCreate" was specified.
       ClCompile:
         c:\Program Files (x86)\Microsoft Visual Studio 10.0\VC\bin\CL.exe /c /ZI /nologo /W3 /WX- /Od /Oy- /D WIN32 /D _DEBUG /D _CONSOLE /D _UNICODE /D UNICODE /Gm /EHsc /RTC1 /MDd /GS /fp:precise /Zc:wchar_t /Zc:forScope /Fo"Debug\\" /Fd"Debug\vc100.pdb" /Gd /TP /analyze- /errorReport:prompt "Me Secret Formuler.cpp"
         Me Secret Formuler.cpp
       ManifestResourceCompile:
         C:\Program Files (x86)\Microsoft SDKs\Windows\v7.0A\bin\rc.exe /nologo /fo"Debug\QuadraticFormula.exe.embed.manifest.res" Debug\QuadraticFormula_manifest.rc 
       Link:
         c:\Program Files (x86)\Microsoft Visual Studio 10.0\VC\bin\link.exe /ERRORREPORT:PROMPT /OUT:"H:\My Documents\Visual Studio 2010\Projects\QuadraticFormuler\Debug\QuadraticFormula.exe" /INCREMENTAL /NOLOGO kernel32.lib user32.lib gdi32.lib winspool.lib comdlg32.lib advapi32.lib shell32.lib ole32.lib oleaut32.lib uuid.lib odbc32.lib odbccp32.lib /MANIFEST /ManifestFile:"Debug\QuadraticFormula.exe.intermediate.manifest" /MANIFESTUAC:"level='asInvoker' uiAccess='false'" /DEBUG /PDB:"H:\My Documents\Visual Studio 2010\Projects\QuadraticFormuler\Debug\QuadraticFormula.pdb" /SUBSYSTEM:CONSOLE /TLBID:1 /DYNAMICBASE /NXCOMPAT /IMPLIB:"H:\My Documents\Visual Studio 2010\Projects\QuadraticFormuler\Debug\QuadraticFormula.lib" /MACHINE:X86 Debug\QuadraticFormula.exe.embed.manifest.res
         "Debug\Me Secret Formuler.obj"
       Manifest:
         C:\Program Files (x86)\Microsoft SDKs\Windows\v7.0A\bin\mt.exe /nologo /verbose /out:"Debug\QuadraticFormula.exe.embed.manifest" /manifest Debug\QuadraticFormula.exe.intermediate.manifest
         C:\Program Files (x86)\Microsoft SDKs\Windows\v7.0A\bin\rc.exe /nologo /fo"Debug\QuadraticFormula.exe.embed.manifest.res" Debug\QuadraticFormula_manifest.rc 
       LinkEmbedManifest:
         c:\Program Files (x86)\Microsoft Visual Studio 10.0\VC\bin\link.exe /ERRORREPORT:PROMPT /OUT:"H:\My Documents\Visual Studio 2010\Projects\QuadraticFormuler\Debug\QuadraticFormula.exe" /INCREMENTAL /NOLOGO kernel32.lib user32.lib gdi32.lib winspool.lib comdlg32.lib advapi32.lib shell32.lib ole32.lib oleaut32.lib uuid.lib odbc32.lib odbccp32.lib /MANIFEST /ManifestFile:"Debug\QuadraticFormula.exe.intermediate.manifest" /MANIFESTUAC:"level='asInvoker' uiAccess='false'" /DEBUG /PDB:"H:\My Documents\Visual Studio 2010\Projects\QuadraticFormuler\Debug\QuadraticFormula.pdb" /SUBSYSTEM:CONSOLE /TLBID:1 /DYNAMICBASE /NXCOMPAT /IMPLIB:"H:\My Documents\Visual Studio 2010\Projects\QuadraticFormuler\Debug\QuadraticFormula.lib" /MACHINE:X86 Debug\QuadraticFormula.exe.embed.manifest.res
         "Debug\Me Secret Formuler.obj"
         QuadraticFormuler.vcxproj -> H:\My Documents\Visual Studio 2010\Projects\QuadraticFormuler\Debug\QuadraticFormula.exe
       FinalizeBuildStatus:
         Deleting file "Debug\QuadraticFormula.unsuccessfulbuild".
         Touching "Debug\QuadraticFormula.lastbuildstate".
     1>Done Building Project "H:\My Documents\Visual Studio 2010\Projects\QuadraticFormuler\QuadraticFormuler\QuadraticFormuler.vcxproj" (build target(s)).

Build succeeded.

Time Elapsed 00:00:03.22
